<?xml version="1.0" encoding="UTF-8"?>
<testng-results ignored="0" total="19" passed="19" failed="0" skipped="0">
  <reporter-output>
  </reporter-output>
  <suite started-at="2025-08-21T14:24:43 IST" name="Master Suite" finished-at="2025-08-21T14:25:23 IST" duration-ms="39689">
    <groups>
    </groups>
    <test started-at="2025-08-21T14:24:43 IST" name="C:/Users/RPA Base/Projects/opencart/src/test/java/testCases" finished-at="2025-08-21T14:25:23 IST" duration-ms="39689">
      <class name="testCases.TS_002_Login_Functionality">
        <test-method is-config="true" signature="setup(java.lang.String)[pri:0, instance:testCases.TS_002_Login_Functionality@3ec11999]" started-at="2025-08-21T14:24:43 IST" name="setup" finished-at="2025-08-21T14:24:46 IST" duration-ms="2627" status="PASS">
          <params>
            <param index="0">
              <value>
                <![CDATA[chrome]]>
              </value>
            </param>
          </params>
          <reporter-output>
          </reporter-output>
        </test-method> <!-- setup -->
        <test-method signature="TC_LF_001_verify_login()[pri:0, instance:testCases.TS_002_Login_Functionality@3ec11999]" started-at="2025-08-21T14:24:46 IST" name="TC_LF_001_verify_login" finished-at="2025-08-21T14:24:47 IST" duration-ms="1405" status="PASS">
          <reporter-output>
          </reporter-output>
        </test-method> <!-- TC_LF_001_verify_login -->
        <test-method is-config="true" signature="clearCookies()[pri:0, instance:testCases.TS_002_Login_Functionality@3ec11999]" started-at="2025-08-21T14:24:47 IST" name="clearCookies" finished-at="2025-08-21T14:24:47 IST" duration-ms="21" status="PASS">
          <reporter-output>
          </reporter-output>
        </test-method> <!-- clearCookies -->
        <test-method signature="TC_LF_002_verify_invalid_login()[pri:1, instance:testCases.TS_002_Login_Functionality@3ec11999]" started-at="2025-08-21T14:24:47 IST" name="TC_LF_002_verify_invalid_login" finished-at="2025-08-21T14:24:48 IST" duration-ms="973" status="PASS">
          <reporter-output>
          </reporter-output>
        </test-method> <!-- TC_LF_002_verify_invalid_login -->
        <test-method is-config="true" signature="clearCookies()[pri:0, instance:testCases.TS_002_Login_Functionality@3ec11999]" started-at="2025-08-21T14:24:48 IST" name="clearCookies" finished-at="2025-08-21T14:24:48 IST" duration-ms="21" status="PASS">
          <reporter-output>
          </reporter-output>
        </test-method> <!-- clearCookies -->
        <test-method signature="TC_LF_003_verify_invalid_email_valid_password()[pri:2, instance:testCases.TS_002_Login_Functionality@3ec11999]" started-at="2025-08-21T14:24:48 IST" name="TC_LF_003_verify_invalid_email_valid_password" finished-at="2025-08-21T14:24:49 IST" duration-ms="853" status="PASS">
          <reporter-output>
          </reporter-output>
        </test-method> <!-- TC_LF_003_verify_invalid_email_valid_password -->
        <test-method is-config="true" signature="clearCookies()[pri:0, instance:testCases.TS_002_Login_Functionality@3ec11999]" started-at="2025-08-21T14:24:49 IST" name="clearCookies" finished-at="2025-08-21T14:24:49 IST" duration-ms="18" status="PASS">
          <reporter-output>
          </reporter-output>
        </test-method> <!-- clearCookies -->
        <test-method signature="TC_LF_004_verify_valid_email_invalid_password()[pri:3, instance:testCases.TS_002_Login_Functionality@3ec11999]" started-at="2025-08-21T14:24:49 IST" name="TC_LF_004_verify_valid_email_invalid_password" finished-at="2025-08-21T14:24:50 IST" duration-ms="904" status="PASS">
          <reporter-output>
          </reporter-output>
        </test-method> <!-- TC_LF_004_verify_valid_email_invalid_password -->
        <test-method is-config="true" signature="clearCookies()[pri:0, instance:testCases.TS_002_Login_Functionality@3ec11999]" started-at="2025-08-21T14:24:50 IST" name="clearCookies" finished-at="2025-08-21T14:24:50 IST" duration-ms="20" status="PASS">
          <reporter-output>
          </reporter-output>
        </test-method> <!-- clearCookies -->
        <test-method signature="TC_LF_005_verify_empty_login()[pri:4, instance:testCases.TS_002_Login_Functionality@3ec11999]" started-at="2025-08-21T14:24:50 IST" name="TC_LF_005_verify_empty_login" finished-at="2025-08-21T14:24:51 IST" duration-ms="897" status="PASS">
          <reporter-output>
          </reporter-output>
        </test-method> <!-- TC_LF_005_verify_empty_login -->
        <test-method is-config="true" signature="clearCookies()[pri:0, instance:testCases.TS_002_Login_Functionality@3ec11999]" started-at="2025-08-21T14:24:51 IST" name="clearCookies" finished-at="2025-08-21T14:24:51 IST" duration-ms="33" status="PASS">
          <reporter-output>
          </reporter-output>
        </test-method> <!-- clearCookies -->
        <test-method signature="TC_LF_006_verify_forgot_password_link()[pri:5, instance:testCases.TS_002_Login_Functionality@3ec11999]" started-at="2025-08-21T14:24:51 IST" name="TC_LF_006_verify_forgot_password_link" finished-at="2025-08-21T14:24:51 IST" duration-ms="411" status="PASS">
          <reporter-output>
          </reporter-output>
        </test-method> <!-- TC_LF_006_verify_forgot_password_link -->
        <test-method is-config="true" signature="clearCookies()[pri:0, instance:testCases.TS_002_Login_Functionality@3ec11999]" started-at="2025-08-21T14:24:51 IST" name="clearCookies" finished-at="2025-08-21T14:24:51 IST" duration-ms="20" status="PASS">
          <reporter-output>
          </reporter-output>
        </test-method> <!-- clearCookies -->
        <test-method signature="TC_LF_007_verify_email_password_placeholder()[pri:6, instance:testCases.TS_002_Login_Functionality@3ec11999]" started-at="2025-08-21T14:24:51 IST" name="TC_LF_007_verify_email_password_placeholder" finished-at="2025-08-21T14:24:52 IST" duration-ms="262" status="PASS">
          <reporter-output>
          </reporter-output>
        </test-method> <!-- TC_LF_007_verify_email_password_placeholder -->
        <test-method is-config="true" signature="clearCookies()[pri:0, instance:testCases.TS_002_Login_Functionality@3ec11999]" started-at="2025-08-21T14:24:52 IST" name="clearCookies" finished-at="2025-08-21T14:24:52 IST" duration-ms="22" status="PASS">
          <reporter-output>
          </reporter-output>
        </test-method> <!-- clearCookies -->
        <test-method signature="TC_LF_009_verify_login_logout_and_back()[pri:8, instance:testCases.TS_002_Login_Functionality@3ec11999]" started-at="2025-08-21T14:24:52 IST" name="TC_LF_009_verify_login_logout_and_back" finished-at="2025-08-21T14:24:53 IST" duration-ms="1391" status="PASS">
          <reporter-output>
          </reporter-output>
        </test-method> <!-- TC_LF_009_verify_login_logout_and_back -->
        <test-method is-config="true" signature="clearCookies()[pri:0, instance:testCases.TS_002_Login_Functionality@3ec11999]" started-at="2025-08-21T14:24:53 IST" name="clearCookies" finished-at="2025-08-21T14:24:53 IST" duration-ms="18" status="PASS">
          <reporter-output>
          </reporter-output>
        </test-method> <!-- clearCookies -->
        <test-method signature="TC_LF_013_verify_password_visibility()[pri:10, instance:testCases.TS_002_Login_Functionality@3ec11999]" started-at="2025-08-21T14:24:53 IST" name="TC_LF_013_verify_password_visibility" finished-at="2025-08-21T14:24:53 IST" duration-ms="241" status="PASS">
          <reporter-output>
          </reporter-output>
        </test-method> <!-- TC_LF_013_verify_password_visibility -->
        <test-method is-config="true" signature="clearCookies()[pri:0, instance:testCases.TS_002_Login_Functionality@3ec11999]" started-at="2025-08-21T14:24:53 IST" name="clearCookies" finished-at="2025-08-21T14:24:53 IST" duration-ms="22" status="PASS">
          <reporter-output>
          </reporter-output>
        </test-method> <!-- clearCookies -->
        <test-method signature="TC_HyperLinkCheck()[pri:11, instance:testCases.TS_002_Login_Functionality@3ec11999]" started-at="2025-08-21T14:24:53 IST" name="TC_HyperLinkCheck" finished-at="2025-08-21T14:25:16 IST" duration-ms="22752" status="PASS">
          <reporter-output>
          </reporter-output>
        </test-method> <!-- TC_HyperLinkCheck -->
        <test-method is-config="true" signature="tearDown()[pri:0, instance:testCases.TS_002_Login_Functionality@3ec11999]" started-at="2025-08-21T14:25:16 IST" name="tearDown" finished-at="2025-08-21T14:25:16 IST" duration-ms="161" status="PASS">
          <reporter-output>
          </reporter-output>
        </test-method> <!-- tearDown -->
        <test-method is-config="true" signature="clearCookies()[pri:0, instance:testCases.TS_002_Login_Functionality@3ec11999]" started-at="2025-08-21T14:25:16 IST" name="clearCookies" finished-at="2025-08-21T14:25:16 IST" duration-ms="0" status="PASS">
          <reporter-output>
          </reporter-output>
        </test-method> <!-- clearCookies -->
      </class> <!-- testCases.TS_002_Login_Functionality -->
      <class name="testCases.TS_005_Search_Functionality">
        <test-method is-config="true" signature="setup(java.lang.String)[pri:0, instance:testCases.TS_005_Search_Functionality@67ef029]" started-at="2025-08-21T14:25:16 IST" name="setup" finished-at="2025-08-21T14:25:18 IST" duration-ms="2275" status="PASS">
          <params>
            <param index="0">
              <value>
                <![CDATA[chrome]]>
              </value>
            </param>
          </params>
          <reporter-output>
          </reporter-output>
        </test-method> <!-- setup -->
        <test-method signature="TC_SF_001_validate_existing_product()[pri:0, instance:testCases.TS_005_Search_Functionality@67ef029]" started-at="2025-08-21T14:25:18 IST" name="TC_SF_001_validate_existing_product" finished-at="2025-08-21T14:25:19 IST" duration-ms="354" status="PASS">
          <reporter-output>
          </reporter-output>
        </test-method> <!-- TC_SF_001_validate_existing_product -->
        <test-method is-config="true" signature="clearCookies()[pri:0, instance:testCases.TS_005_Search_Functionality@67ef029]" started-at="2025-08-21T14:25:19 IST" name="clearCookies" finished-at="2025-08-21T14:25:19 IST" duration-ms="27" status="PASS">
          <reporter-output>
          </reporter-output>
        </test-method> <!-- clearCookies -->
        <test-method signature="TC_SF_002_validate_nonexisting_product()[pri:1, instance:testCases.TS_005_Search_Functionality@67ef029]" started-at="2025-08-21T14:25:19 IST" name="TC_SF_002_validate_nonexisting_product" finished-at="2025-08-21T14:25:19 IST" duration-ms="287" status="PASS">
          <reporter-output>
          </reporter-output>
        </test-method> <!-- TC_SF_002_validate_nonexisting_product -->
        <test-method is-config="true" signature="clearCookies()[pri:0, instance:testCases.TS_005_Search_Functionality@67ef029]" started-at="2025-08-21T14:25:19 IST" name="clearCookies" finished-at="2025-08-21T14:25:19 IST" duration-ms="26" status="PASS">
          <reporter-output>
          </reporter-output>
        </test-method> <!-- clearCookies -->
        <test-method signature="TC_SF_003_validate_blank_search()[pri:2, instance:testCases.TS_005_Search_Functionality@67ef029]" started-at="2025-08-21T14:25:19 IST" name="TC_SF_003_validate_blank_search" finished-at="2025-08-21T14:25:19 IST" duration-ms="237" status="PASS">
          <reporter-output>
          </reporter-output>
        </test-method> <!-- TC_SF_003_validate_blank_search -->
        <test-method is-config="true" signature="clearCookies()[pri:0, instance:testCases.TS_005_Search_Functionality@67ef029]" started-at="2025-08-21T14:25:19 IST" name="clearCookies" finished-at="2025-08-21T14:25:19 IST" duration-ms="19" status="PASS">
          <reporter-output>
          </reporter-output>
        </test-method> <!-- clearCookies -->
        <test-method signature="TC_SF_004_validate_existing_product_after_login()[pri:3, instance:testCases.TS_005_Search_Functionality@67ef029]" started-at="2025-08-21T14:25:19 IST" name="TC_SF_004_validate_existing_product_after_login" finished-at="2025-08-21T14:25:20 IST" duration-ms="544" status="PASS">
          <reporter-output>
          </reporter-output>
        </test-method> <!-- TC_SF_004_validate_existing_product_after_login -->
        <test-method is-config="true" signature="clearCookies()[pri:0, instance:testCases.TS_005_Search_Functionality@67ef029]" started-at="2025-08-21T14:25:20 IST" name="clearCookies" finished-at="2025-08-21T14:25:20 IST" duration-ms="19" status="PASS">
          <reporter-output>
          </reporter-output>
        </test-method> <!-- clearCookies -->
        <test-method signature="TC_SF_005_validate_search_criteria()[pri:4, instance:testCases.TS_005_Search_Functionality@67ef029]" started-at="2025-08-21T14:25:20 IST" name="TC_SF_005_validate_search_criteria" finished-at="2025-08-21T14:25:21 IST" duration-ms="625" status="PASS">
          <reporter-output>
          </reporter-output>
        </test-method> <!-- TC_SF_005_validate_search_criteria -->
        <test-method is-config="true" signature="clearCookies()[pri:0, instance:testCases.TS_005_Search_Functionality@67ef029]" started-at="2025-08-21T14:25:21 IST" name="clearCookies" finished-at="2025-08-21T14:25:21 IST" duration-ms="13" status="PASS">
          <reporter-output>
          </reporter-output>
        </test-method> <!-- clearCookies -->
        <test-method signature="TC_SF_006_validate_search_placeholder()[pri:5, instance:testCases.TS_005_Search_Functionality@67ef029]" started-at="2025-08-21T14:25:21 IST" name="TC_SF_006_validate_search_placeholder" finished-at="2025-08-21T14:25:21 IST" duration-ms="47" status="PASS">
          <reporter-output>
          </reporter-output>
        </test-method> <!-- TC_SF_006_validate_search_placeholder -->
        <test-method is-config="true" signature="clearCookies()[pri:0, instance:testCases.TS_005_Search_Functionality@67ef029]" started-at="2025-08-21T14:25:21 IST" name="clearCookies" finished-at="2025-08-21T14:25:21 IST" duration-ms="3" status="PASS">
          <reporter-output>
          </reporter-output>
        </test-method> <!-- clearCookies -->
        <test-method signature="TC_SF_007_validate_search_criteria()[pri:6, instance:testCases.TS_005_Search_Functionality@67ef029]" started-at="2025-08-21T14:25:21 IST" name="TC_SF_007_validate_search_criteria" finished-at="2025-08-21T14:25:21 IST" duration-ms="500" status="PASS">
          <reporter-output>
          </reporter-output>
        </test-method> <!-- TC_SF_007_validate_search_criteria -->
        <test-method is-config="true" signature="clearCookies()[pri:0, instance:testCases.TS_005_Search_Functionality@67ef029]" started-at="2025-08-21T14:25:21 IST" name="clearCookies" finished-at="2025-08-21T14:25:21 IST" duration-ms="20" status="PASS">
          <reporter-output>
          </reporter-output>
        </test-method> <!-- clearCookies -->
        <test-method signature="TC_SF_008_validate_search_product_description()[pri:7, instance:testCases.TS_005_Search_Functionality@67ef029]" started-at="2025-08-21T14:25:21 IST" name="TC_SF_008_validate_search_product_description" finished-at="2025-08-21T14:25:22 IST" duration-ms="541" status="PASS">
          <reporter-output>
          </reporter-output>
        </test-method> <!-- TC_SF_008_validate_search_product_description -->
        <test-method is-config="true" signature="clearCookies()[pri:0, instance:testCases.TS_005_Search_Functionality@67ef029]" started-at="2025-08-21T14:25:22 IST" name="clearCookies" finished-at="2025-08-21T14:25:22 IST" duration-ms="22" status="PASS">
          <reporter-output>
          </reporter-output>
        </test-method> <!-- clearCookies -->
        <test-method signature="TC_SF_009_validate_search_by_category()[pri:8, instance:testCases.TS_005_Search_Functionality@67ef029]" started-at="2025-08-21T14:25:22 IST" name="TC_SF_009_validate_search_by_category" finished-at="2025-08-21T14:25:23 IST" duration-ms="756" status="PASS">
          <reporter-output>
          </reporter-output>
        </test-method> <!-- TC_SF_009_validate_search_by_category -->
        <test-method is-config="true" signature="clearCookies()[pri:0, instance:testCases.TS_005_Search_Functionality@67ef029]" started-at="2025-08-21T14:25:23 IST" name="clearCookies" finished-at="2025-08-21T14:25:23 IST" duration-ms="20" status="PASS">
          <reporter-output>
          </reporter-output>
        </test-method> <!-- clearCookies -->
        <test-method is-config="true" signature="tearDown()[pri:0, instance:testCases.TS_005_Search_Functionality@67ef029]" started-at="2025-08-21T14:25:23 IST" name="tearDown" finished-at="2025-08-21T14:25:23 IST" duration-ms="120" status="PASS">
          <reporter-output>
          </reporter-output>
        </test-method> <!-- tearDown -->
      </class> <!-- testCases.TS_005_Search_Functionality -->
    </test> <!-- C:/Users/RPA Base/Projects/opencart/src/test/java/testCases -->
  </suite> <!-- Master Suite -->
</testng-results>
