<?xml version="1.0" encoding="UTF-8"?>
<testng-results ignored="0" total="19" passed="19" failed="0" skipped="0">
  <reporter-output>
  </reporter-output>
  <suite started-at="2025-09-03T19:49:58 IST" name="Master Suite" finished-at="2025-09-03T19:50:44 IST" duration-ms="46412">
    <groups>
    </groups>
    <test started-at="2025-09-03T19:49:58 IST" name="C:/Users/RPA Base/Projects/opencart/src/test/java/testCases" finished-at="2025-09-03T19:50:44 IST" duration-ms="46412">
      <class name="testCases.TS_002_Login_Functionality">
        <test-method is-config="true" signature="setup(java.lang.String)[pri:0, instance:testCases.TS_002_Login_Functionality@5a12c728]" started-at="2025-09-03T19:49:58 IST" name="setup" finished-at="2025-09-03T19:50:00 IST" duration-ms="1962" status="PASS">
          <params>
            <param index="0">
              <value>
                <![CDATA[headlesschrome]]>
              </value>
            </param>
          </params>
          <reporter-output>
          </reporter-output>
        </test-method> <!-- setup -->
        <test-method signature="TC_LF_001_verify_login()[pri:0, instance:testCases.TS_002_Login_Functionality@5a12c728]" started-at="2025-09-03T19:50:00 IST" name="TC_LF_001_verify_login" finished-at="2025-09-03T19:50:09 IST" duration-ms="9001" status="PASS">
          <reporter-output>
          </reporter-output>
        </test-method> <!-- TC_LF_001_verify_login -->
        <test-method is-config="true" signature="clearCookies()[pri:0, instance:testCases.TS_002_Login_Functionality@5a12c728]" started-at="2025-09-03T19:50:09 IST" name="clearCookies" finished-at="2025-09-03T19:50:09 IST" duration-ms="22" status="PASS">
          <reporter-output>
          </reporter-output>
        </test-method> <!-- clearCookies -->
        <test-method signature="TC_LF_002_verify_invalid_login()[pri:1, instance:testCases.TS_002_Login_Functionality@5a12c728]" started-at="2025-09-03T19:50:09 IST" name="TC_LF_002_verify_invalid_login" finished-at="2025-09-03T19:50:10 IST" duration-ms="1023" status="PASS">
          <reporter-output>
          </reporter-output>
        </test-method> <!-- TC_LF_002_verify_invalid_login -->
        <test-method is-config="true" signature="clearCookies()[pri:0, instance:testCases.TS_002_Login_Functionality@5a12c728]" started-at="2025-09-03T19:50:10 IST" name="clearCookies" finished-at="2025-09-03T19:50:10 IST" duration-ms="23" status="PASS">
          <reporter-output>
          </reporter-output>
        </test-method> <!-- clearCookies -->
        <test-method signature="TC_LF_003_verify_invalid_email_valid_password()[pri:2, instance:testCases.TS_002_Login_Functionality@5a12c728]" started-at="2025-09-03T19:50:10 IST" name="TC_LF_003_verify_invalid_email_valid_password" finished-at="2025-09-03T19:50:11 IST" duration-ms="857" status="PASS">
          <reporter-output>
          </reporter-output>
        </test-method> <!-- TC_LF_003_verify_invalid_email_valid_password -->
        <test-method is-config="true" signature="clearCookies()[pri:0, instance:testCases.TS_002_Login_Functionality@5a12c728]" started-at="2025-09-03T19:50:11 IST" name="clearCookies" finished-at="2025-09-03T19:50:11 IST" duration-ms="22" status="PASS">
          <reporter-output>
          </reporter-output>
        </test-method> <!-- clearCookies -->
        <test-method signature="TC_LF_004_verify_valid_email_invalid_password()[pri:3, instance:testCases.TS_002_Login_Functionality@5a12c728]" started-at="2025-09-03T19:50:11 IST" name="TC_LF_004_verify_valid_email_invalid_password" finished-at="2025-09-03T19:50:11 IST" duration-ms="862" status="PASS">
          <reporter-output>
          </reporter-output>
        </test-method> <!-- TC_LF_004_verify_valid_email_invalid_password -->
        <test-method is-config="true" signature="clearCookies()[pri:0, instance:testCases.TS_002_Login_Functionality@5a12c728]" started-at="2025-09-03T19:50:11 IST" name="clearCookies" finished-at="2025-09-03T19:50:11 IST" duration-ms="19" status="PASS">
          <reporter-output>
          </reporter-output>
        </test-method> <!-- clearCookies -->
        <test-method signature="TC_LF_005_verify_empty_login()[pri:4, instance:testCases.TS_002_Login_Functionality@5a12c728]" started-at="2025-09-03T19:50:11 IST" name="TC_LF_005_verify_empty_login" finished-at="2025-09-03T19:50:12 IST" duration-ms="1033" status="PASS">
          <reporter-output>
          </reporter-output>
        </test-method> <!-- TC_LF_005_verify_empty_login -->
        <test-method is-config="true" signature="clearCookies()[pri:0, instance:testCases.TS_002_Login_Functionality@5a12c728]" started-at="2025-09-03T19:50:12 IST" name="clearCookies" finished-at="2025-09-03T19:50:13 IST" duration-ms="20" status="PASS">
          <reporter-output>
          </reporter-output>
        </test-method> <!-- clearCookies -->
        <test-method signature="TC_LF_006_verify_forgot_password_link()[pri:5, instance:testCases.TS_002_Login_Functionality@5a12c728]" started-at="2025-09-03T19:50:13 IST" name="TC_LF_006_verify_forgot_password_link" finished-at="2025-09-03T19:50:13 IST" duration-ms="475" status="PASS">
          <reporter-output>
          </reporter-output>
        </test-method> <!-- TC_LF_006_verify_forgot_password_link -->
        <test-method is-config="true" signature="clearCookies()[pri:0, instance:testCases.TS_002_Login_Functionality@5a12c728]" started-at="2025-09-03T19:50:13 IST" name="clearCookies" finished-at="2025-09-03T19:50:13 IST" duration-ms="21" status="PASS">
          <reporter-output>
          </reporter-output>
        </test-method> <!-- clearCookies -->
        <test-method signature="TC_LF_007_verify_email_password_placeholder()[pri:6, instance:testCases.TS_002_Login_Functionality@5a12c728]" started-at="2025-09-03T19:50:13 IST" name="TC_LF_007_verify_email_password_placeholder" finished-at="2025-09-03T19:50:13 IST" duration-ms="319" status="PASS">
          <reporter-output>
          </reporter-output>
        </test-method> <!-- TC_LF_007_verify_email_password_placeholder -->
        <test-method is-config="true" signature="clearCookies()[pri:0, instance:testCases.TS_002_Login_Functionality@5a12c728]" started-at="2025-09-03T19:50:13 IST" name="clearCookies" finished-at="2025-09-03T19:50:13 IST" duration-ms="20" status="PASS">
          <reporter-output>
          </reporter-output>
        </test-method> <!-- clearCookies -->
        <test-method signature="TC_LF_009_verify_login_logout_and_back()[pri:8, instance:testCases.TS_002_Login_Functionality@5a12c728]" started-at="2025-09-03T19:50:13 IST" name="TC_LF_009_verify_login_logout_and_back" finished-at="2025-09-03T19:50:15 IST" duration-ms="1765" status="PASS">
          <reporter-output>
          </reporter-output>
        </test-method> <!-- TC_LF_009_verify_login_logout_and_back -->
        <test-method is-config="true" signature="clearCookies()[pri:0, instance:testCases.TS_002_Login_Functionality@5a12c728]" started-at="2025-09-03T19:50:15 IST" name="clearCookies" finished-at="2025-09-03T19:50:15 IST" duration-ms="19" status="PASS">
          <reporter-output>
          </reporter-output>
        </test-method> <!-- clearCookies -->
        <test-method signature="TC_LF_013_verify_password_visibility()[pri:10, instance:testCases.TS_002_Login_Functionality@5a12c728]" started-at="2025-09-03T19:50:15 IST" name="TC_LF_013_verify_password_visibility" finished-at="2025-09-03T19:50:15 IST" duration-ms="238" status="PASS">
          <reporter-output>
          </reporter-output>
        </test-method> <!-- TC_LF_013_verify_password_visibility -->
        <test-method is-config="true" signature="clearCookies()[pri:0, instance:testCases.TS_002_Login_Functionality@5a12c728]" started-at="2025-09-03T19:50:15 IST" name="clearCookies" finished-at="2025-09-03T19:50:15 IST" duration-ms="19" status="PASS">
          <reporter-output>
          </reporter-output>
        </test-method> <!-- clearCookies -->
        <test-method signature="TC_HyperLinkCheck()[pri:11, instance:testCases.TS_002_Login_Functionality@5a12c728]" started-at="2025-09-03T19:50:15 IST" name="TC_HyperLinkCheck" finished-at="2025-09-03T19:50:33 IST" duration-ms="17684" status="PASS">
          <reporter-output>
          </reporter-output>
        </test-method> <!-- TC_HyperLinkCheck -->
        <test-method is-config="true" signature="clearCookies()[pri:0, instance:testCases.TS_002_Login_Functionality@5a12c728]" started-at="2025-09-03T19:50:33 IST" name="clearCookies" finished-at="2025-09-03T19:50:33 IST" duration-ms="4" status="PASS">
          <reporter-output>
          </reporter-output>
        </test-method> <!-- clearCookies -->
        <test-method is-config="true" signature="tearDown()[pri:0, instance:testCases.TS_002_Login_Functionality@5a12c728]" started-at="2025-09-03T19:50:33 IST" name="tearDown" finished-at="2025-09-03T19:50:33 IST" duration-ms="110" status="PASS">
          <reporter-output>
          </reporter-output>
        </test-method> <!-- tearDown -->
      </class> <!-- testCases.TS_002_Login_Functionality -->
      <class name="testCases.TS_005_Search_Functionality">
        <test-method is-config="true" signature="setup(java.lang.String)[pri:0, instance:testCases.TS_005_Search_Functionality@7cc9ce8]" started-at="2025-09-03T19:50:33 IST" name="setup" finished-at="2025-09-03T19:50:35 IST" duration-ms="1442" status="PASS">
          <params>
            <param index="0">
              <value>
                <![CDATA[headlesschrome]]>
              </value>
            </param>
          </params>
          <reporter-output>
          </reporter-output>
        </test-method> <!-- setup -->
        <test-method signature="TC_SF_001_validate_existing_product()[pri:0, instance:testCases.TS_005_Search_Functionality@7cc9ce8]" started-at="2025-09-03T19:50:35 IST" name="TC_SF_001_validate_existing_product" finished-at="2025-09-03T19:50:40 IST" duration-ms="5352" status="PASS">
          <reporter-output>
          </reporter-output>
        </test-method> <!-- TC_SF_001_validate_existing_product -->
        <test-method is-config="true" signature="clearCookies()[pri:0, instance:testCases.TS_005_Search_Functionality@7cc9ce8]" started-at="2025-09-03T19:50:40 IST" name="clearCookies" finished-at="2025-09-03T19:50:40 IST" duration-ms="21" status="PASS">
          <reporter-output>
          </reporter-output>
        </test-method> <!-- clearCookies -->
        <test-method signature="TC_SF_002_validate_nonexisting_product()[pri:1, instance:testCases.TS_005_Search_Functionality@7cc9ce8]" started-at="2025-09-03T19:50:40 IST" name="TC_SF_002_validate_nonexisting_product" finished-at="2025-09-03T19:50:40 IST" duration-ms="265" status="PASS">
          <reporter-output>
          </reporter-output>
        </test-method> <!-- TC_SF_002_validate_nonexisting_product -->
        <test-method is-config="true" signature="clearCookies()[pri:0, instance:testCases.TS_005_Search_Functionality@7cc9ce8]" started-at="2025-09-03T19:50:40 IST" name="clearCookies" finished-at="2025-09-03T19:50:40 IST" duration-ms="19" status="PASS">
          <reporter-output>
          </reporter-output>
        </test-method> <!-- clearCookies -->
        <test-method signature="TC_SF_003_validate_blank_search()[pri:2, instance:testCases.TS_005_Search_Functionality@7cc9ce8]" started-at="2025-09-03T19:50:40 IST" name="TC_SF_003_validate_blank_search" finished-at="2025-09-03T19:50:41 IST" duration-ms="238" status="PASS">
          <reporter-output>
          </reporter-output>
        </test-method> <!-- TC_SF_003_validate_blank_search -->
        <test-method is-config="true" signature="clearCookies()[pri:0, instance:testCases.TS_005_Search_Functionality@7cc9ce8]" started-at="2025-09-03T19:50:41 IST" name="clearCookies" finished-at="2025-09-03T19:50:41 IST" duration-ms="20" status="PASS">
          <reporter-output>
          </reporter-output>
        </test-method> <!-- clearCookies -->
        <test-method signature="TC_SF_004_validate_existing_product_after_login()[pri:3, instance:testCases.TS_005_Search_Functionality@7cc9ce8]" started-at="2025-09-03T19:50:41 IST" name="TC_SF_004_validate_existing_product_after_login" finished-at="2025-09-03T19:50:41 IST" duration-ms="511" status="PASS">
          <reporter-output>
          </reporter-output>
        </test-method> <!-- TC_SF_004_validate_existing_product_after_login -->
        <test-method is-config="true" signature="clearCookies()[pri:0, instance:testCases.TS_005_Search_Functionality@7cc9ce8]" started-at="2025-09-03T19:50:41 IST" name="clearCookies" finished-at="2025-09-03T19:50:41 IST" duration-ms="19" status="PASS">
          <reporter-output>
          </reporter-output>
        </test-method> <!-- clearCookies -->
        <test-method signature="TC_SF_005_validate_search_criteria()[pri:4, instance:testCases.TS_005_Search_Functionality@7cc9ce8]" started-at="2025-09-03T19:50:41 IST" name="TC_SF_005_validate_search_criteria" finished-at="2025-09-03T19:50:42 IST" duration-ms="627" status="PASS">
          <reporter-output>
          </reporter-output>
        </test-method> <!-- TC_SF_005_validate_search_criteria -->
        <test-method is-config="true" signature="clearCookies()[pri:0, instance:testCases.TS_005_Search_Functionality@7cc9ce8]" started-at="2025-09-03T19:50:42 IST" name="clearCookies" finished-at="2025-09-03T19:50:42 IST" duration-ms="19" status="PASS">
          <reporter-output>
          </reporter-output>
        </test-method> <!-- clearCookies -->
        <test-method signature="TC_SF_006_validate_search_placeholder()[pri:5, instance:testCases.TS_005_Search_Functionality@7cc9ce8]" started-at="2025-09-03T19:50:42 IST" name="TC_SF_006_validate_search_placeholder" finished-at="2025-09-03T19:50:42 IST" duration-ms="45" status="PASS">
          <reporter-output>
          </reporter-output>
        </test-method> <!-- TC_SF_006_validate_search_placeholder -->
        <test-method is-config="true" signature="clearCookies()[pri:0, instance:testCases.TS_005_Search_Functionality@7cc9ce8]" started-at="2025-09-03T19:50:42 IST" name="clearCookies" finished-at="2025-09-03T19:50:42 IST" duration-ms="4" status="PASS">
          <reporter-output>
          </reporter-output>
        </test-method> <!-- clearCookies -->
        <test-method signature="TC_SF_007_validate_search_criteria()[pri:6, instance:testCases.TS_005_Search_Functionality@7cc9ce8]" started-at="2025-09-03T19:50:42 IST" name="TC_SF_007_validate_search_criteria" finished-at="2025-09-03T19:50:42 IST" duration-ms="496" status="PASS">
          <reporter-output>
          </reporter-output>
        </test-method> <!-- TC_SF_007_validate_search_criteria -->
        <test-method is-config="true" signature="clearCookies()[pri:0, instance:testCases.TS_005_Search_Functionality@7cc9ce8]" started-at="2025-09-03T19:50:42 IST" name="clearCookies" finished-at="2025-09-03T19:50:42 IST" duration-ms="20" status="PASS">
          <reporter-output>
          </reporter-output>
        </test-method> <!-- clearCookies -->
        <test-method signature="TC_SF_008_validate_search_product_description()[pri:7, instance:testCases.TS_005_Search_Functionality@7cc9ce8]" started-at="2025-09-03T19:50:42 IST" name="TC_SF_008_validate_search_product_description" finished-at="2025-09-03T19:50:43 IST" duration-ms="735" status="PASS">
          <reporter-output>
          </reporter-output>
        </test-method> <!-- TC_SF_008_validate_search_product_description -->
        <test-method is-config="true" signature="clearCookies()[pri:0, instance:testCases.TS_005_Search_Functionality@7cc9ce8]" started-at="2025-09-03T19:50:43 IST" name="clearCookies" finished-at="2025-09-03T19:50:43 IST" duration-ms="19" status="PASS">
          <reporter-output>
          </reporter-output>
        </test-method> <!-- clearCookies -->
        <test-method signature="TC_SF_009_validate_search_by_category()[pri:8, instance:testCases.TS_005_Search_Functionality@7cc9ce8]" started-at="2025-09-03T19:50:43 IST" name="TC_SF_009_validate_search_by_category" finished-at="2025-09-03T19:50:44 IST" duration-ms="742" status="PASS">
          <reporter-output>
          </reporter-output>
        </test-method> <!-- TC_SF_009_validate_search_by_category -->
        <test-method is-config="true" signature="clearCookies()[pri:0, instance:testCases.TS_005_Search_Functionality@7cc9ce8]" started-at="2025-09-03T19:50:44 IST" name="clearCookies" finished-at="2025-09-03T19:50:44 IST" duration-ms="21" status="PASS">
          <reporter-output>
          </reporter-output>
        </test-method> <!-- clearCookies -->
        <test-method is-config="true" signature="tearDown()[pri:0, instance:testCases.TS_005_Search_Functionality@7cc9ce8]" started-at="2025-09-03T19:50:44 IST" name="tearDown" finished-at="2025-09-03T19:50:44 IST" duration-ms="123" status="PASS">
          <reporter-output>
          </reporter-output>
        </test-method> <!-- tearDown -->
      </class> <!-- testCases.TS_005_Search_Functionality -->
    </test> <!-- C:/Users/RPA Base/Projects/opencart/src/test/java/testCases -->
  </suite> <!-- Master Suite -->
</testng-results>
